{"/Users/jesperpersson/Documents/testinduvidual/individuell-examination/strajk-bowling/src/assets/navicon.svg": {"path":"/Users/jesperpersson/Documents/testinduvidual/individuell-examination/strajk-bowling/src/assets/navicon.svg","statementMap":{},"fnMap":{},"branchMap":{},"s":{},"f":{},"b":{},"meta":{"lastBranch":0,"lastFunction":0,"lastStatement":0,"seen":{}}}
,"/Users/jesperpersson/Documents/testinduvidual/individuell-examination/strajk-bowling/src/components/BookingInfo/BookingInfo.jsx": {"path":"/Users/jesperpersson/Documents/testinduvidual/individuell-examination/strajk-bowling/src/components/BookingInfo/BookingInfo.jsx","statementMap":{"0":{"start":{"line":6,"column":2},"end":{"line":44,"column":null}}},"fnMap":{"0":{"name":"BookingInfo","decl":{"start":{"line":5,"column":9},"end":{"line":5,"column":21}},"loc":{"start":{"line":5,"column":47},"end":{"line":46,"column":null}},"line":5}},"branchMap":{},"s":{"0":1},"f":{"0":1},"b":{},"meta":{"lastBranch":0,"lastFunction":1,"lastStatement":1,"seen":{"f:5:9:5:21":0,"s:6:2:44:Infinity":0}}}
,"/Users/jesperpersson/Documents/testinduvidual/individuell-examination/strajk-bowling/src/components/BookingInfo/BookingInfo.scss": {"path":"/Users/jesperpersson/Documents/testinduvidual/individuell-examination/strajk-bowling/src/components/BookingInfo/BookingInfo.scss","statementMap":{},"fnMap":{},"branchMap":{},"s":{},"f":{},"b":{},"meta":{"lastBranch":0,"lastFunction":0,"lastStatement":0,"seen":{}}}
,"/Users/jesperpersson/Documents/testinduvidual/individuell-examination/strajk-bowling/src/components/ErrorMessage/ErrorMessage.jsx": {"path":"/Users/jesperpersson/Documents/testinduvidual/individuell-examination/strajk-bowling/src/components/ErrorMessage/ErrorMessage.jsx","statementMap":{"0":{"start":{"line":4,"column":2},"end":{"line":7,"column":null}}},"fnMap":{"0":{"name":"ErrorMessage","decl":{"start":{"line":3,"column":9},"end":{"line":3,"column":22}},"loc":{"start":{"line":3,"column":35},"end":{"line":9,"column":null}},"line":3}},"branchMap":{},"s":{"0":1},"f":{"0":1},"b":{},"meta":{"lastBranch":0,"lastFunction":1,"lastStatement":1,"seen":{"f:3:9:3:22":0,"s:4:2:7:Infinity":0}}}
,"/Users/jesperpersson/Documents/testinduvidual/individuell-examination/strajk-bowling/src/components/ErrorMessage/ErrorMessage.scss": {"path":"/Users/jesperpersson/Documents/testinduvidual/individuell-examination/strajk-bowling/src/components/ErrorMessage/ErrorMessage.scss","statementMap":{},"fnMap":{},"branchMap":{},"s":{},"f":{},"b":{},"meta":{"lastBranch":0,"lastFunction":0,"lastStatement":0,"seen":{}}}
,"/Users/jesperpersson/Documents/testinduvidual/individuell-examination/strajk-bowling/src/components/Input/Input.jsx": {"path":"/Users/jesperpersson/Documents/testinduvidual/individuell-examination/strajk-bowling/src/components/Input/Input.jsx","statementMap":{"0":{"start":{"line":13,"column":2},"end":{"line":25,"column":null}}},"fnMap":{"0":{"name":"Input","decl":{"start":{"line":3,"column":9},"end":{"line":3,"column":15}},"loc":{"start":{"line":12,"column":3},"end":{"line":27,"column":null}},"line":12}},"branchMap":{"0":{"loc":{"start":{"line":18,"column":35},"end":{"line":18,"column":65}},"type":"cond-expr","locations":[{"start":{"line":18,"column":49},"end":{"line":18,"column":63}},{"start":{"line":18,"column":63},"end":{"line":18,"column":65}}],"line":18},"1":{"loc":{"start":{"line":21,"column":22},"end":{"line":21,"column":null}},"type":"cond-expr","locations":[{"start":{"line":21,"column":37},"end":{"line":21,"column":52}},{"start":{"line":21,"column":52},"end":{"line":21,"column":null}}],"line":21}},"s":{"0":7},"f":{"0":7},"b":{"0":[5,2],"1":[1,6]},"meta":{"lastBranch":2,"lastFunction":1,"lastStatement":1,"seen":{"f:3:9:3:15":0,"s:13:2:25:Infinity":0,"b:18:49:18:63:18:63:18:65":0,"b:21:37:21:52:21:52:21:Infinity":1}}}
,"/Users/jesperpersson/Documents/testinduvidual/individuell-examination/strajk-bowling/src/components/Input/Input.scss": {"path":"/Users/jesperpersson/Documents/testinduvidual/individuell-examination/strajk-bowling/src/components/Input/Input.scss","statementMap":{},"fnMap":{},"branchMap":{},"s":{},"f":{},"b":{},"meta":{"lastBranch":0,"lastFunction":0,"lastStatement":0,"seen":{}}}
,"/Users/jesperpersson/Documents/testinduvidual/individuell-examination/strajk-bowling/src/components/Navigation/Navigation.jsx": {"path":"/Users/jesperpersson/Documents/testinduvidual/individuell-examination/strajk-bowling/src/components/Navigation/Navigation.jsx","statementMap":{"0":{"start":{"line":7,"column":10},"end":{"line":7,"column":null}},"1":{"start":{"line":8,"column":32},"end":{"line":8,"column":null}},"2":{"start":{"line":10,"column":4},"end":{"line":18,"column":null}},"3":{"start":{"line":13,"column":30},"end":{"line":13,"column":53}},"4":{"start":{"line":15,"column":30},"end":{"line":15,"column":44}},"5":{"start":{"line":17,"column":30},"end":{"line":17,"column":56}}},"fnMap":{"0":{"name":"Navigation","decl":{"start":{"line":6,"column":9},"end":{"line":6,"column":22}},"loc":{"start":{"line":6,"column":22},"end":{"line":20,"column":null}},"line":6},"1":{"name":"(anonymous_1)","decl":{"start":{"line":13,"column":22},"end":{"line":13,"column":28}},"loc":{"start":{"line":13,"column":28},"end":{"line":13,"column":56}},"line":13},"2":{"name":"(anonymous_2)","decl":{"start":{"line":15,"column":22},"end":{"line":15,"column":28}},"loc":{"start":{"line":15,"column":28},"end":{"line":15,"column":47}},"line":15},"3":{"name":"(anonymous_3)","decl":{"start":{"line":17,"column":22},"end":{"line":17,"column":28}},"loc":{"start":{"line":17,"column":28},"end":{"line":17,"column":59}},"line":17}},"branchMap":{"0":{"loc":{"start":{"line":11,"column":40},"end":{"line":11,"column":68}},"type":"cond-expr","locations":[{"start":{"line":11,"column":51},"end":{"line":11,"column":65}},{"start":{"line":11,"column":65},"end":{"line":11,"column":68}}],"line":11},"1":{"loc":{"start":{"line":14,"column":57},"end":{"line":14,"column":80}},"type":"cond-expr","locations":[{"start":{"line":14,"column":68},"end":{"line":14,"column":73}},{"start":{"line":14,"column":73},"end":{"line":14,"column":80}}],"line":14},"2":{"loc":{"start":{"line":16,"column":57},"end":{"line":16,"column":80}},"type":"cond-expr","locations":[{"start":{"line":16,"column":68},"end":{"line":16,"column":73}},{"start":{"line":16,"column":73},"end":{"line":16,"column":80}}],"line":16}},"s":{"0":3,"1":3,"2":3,"3":1,"4":0,"5":1},"f":{"0":3,"1":1,"2":0,"3":1},"b":{"0":[2,1],"1":[2,1],"2":[2,1]},"meta":{"lastBranch":3,"lastFunction":4,"lastStatement":6,"seen":{"f:6:9:6:22":0,"s:7:10:7:Infinity":0,"s:8:32:8:Infinity":1,"s:10:4:18:Infinity":2,"b:11:51:11:65:11:65:11:68":0,"f:13:22:13:28":1,"s:13:30:13:53":3,"b:14:68:14:73:14:73:14:80":1,"f:15:22:15:28":2,"s:15:30:15:44":4,"b:16:68:16:73:16:73:16:80":2,"f:17:22:17:28":3,"s:17:30:17:56":5}}}
,"/Users/jesperpersson/Documents/testinduvidual/individuell-examination/strajk-bowling/src/components/Navigation/Navigation.scss": {"path":"/Users/jesperpersson/Documents/testinduvidual/individuell-examination/strajk-bowling/src/components/Navigation/Navigation.scss","statementMap":{},"fnMap":{},"branchMap":{},"s":{},"f":{},"b":{},"meta":{"lastBranch":0,"lastFunction":0,"lastStatement":0,"seen":{}}}
,"/Users/jesperpersson/Documents/testinduvidual/individuell-examination/strajk-bowling/src/components/Shoes/Shoes.jsx": {"path":"/Users/jesperpersson/Documents/testinduvidual/individuell-examination/strajk-bowling/src/components/Shoes/Shoes.jsx","statementMap":{"0":{"start":{"line":7,"column":20},"end":{"line":31,"column":null}},"1":{"start":{"line":8,"column":18},"end":{"line":8,"column":null}},"2":{"start":{"line":10,"column":6},"end":{"line":27,"column":null}},"3":{"start":{"line":22,"column":12},"end":{"line":22,"column":null}},"4":{"start":{"line":30,"column":4},"end":{"line":30,"column":null}},"5":{"start":{"line":33,"column":2},"end":{"line":47,"column":null}},"6":{"start":{"line":42,"column":10},"end":{"line":42,"column":null}}},"fnMap":{"0":{"name":"Shoes","decl":{"start":{"line":6,"column":9},"end":{"line":6,"column":15}},"loc":{"start":{"line":6,"column":59},"end":{"line":49,"column":null}},"line":6},"1":{"name":"(anonymous_1)","decl":{"start":{"line":7,"column":30},"end":{"line":7,"column":31}},"loc":{"start":{"line":7,"column":48},"end":{"line":31,"column":3}},"line":7},"2":{"name":"(anonymous_2)","decl":{"start":{"line":21,"column":19},"end":{"line":21,"column":25}},"loc":{"start":{"line":21,"column":25},"end":{"line":23,"column":null}},"line":21},"3":{"name":"(anonymous_3)","decl":{"start":{"line":41,"column":17},"end":{"line":41,"column":23}},"loc":{"start":{"line":41,"column":23},"end":{"line":43,"column":null}},"line":41}},"branchMap":{},"s":{"0":1,"1":2,"2":2,"3":1,"4":2,"5":1,"6":1},"f":{"0":1,"1":2,"2":1,"3":1},"b":{},"meta":{"lastBranch":0,"lastFunction":4,"lastStatement":7,"seen":{"f:6:9:6:15":0,"s:7:20:31:Infinity":0,"f:7:30:7:31":1,"s:8:18:8:Infinity":1,"s:10:6:27:Infinity":2,"f:21:19:21:25":2,"s:22:12:22:Infinity":3,"s:30:4:30:Infinity":4,"s:33:2:47:Infinity":5,"f:41:17:41:23":3,"s:42:10:42:Infinity":6}}}
,"/Users/jesperpersson/Documents/testinduvidual/individuell-examination/strajk-bowling/src/components/Shoes/Shoes.scss": {"path":"/Users/jesperpersson/Documents/testinduvidual/individuell-examination/strajk-bowling/src/components/Shoes/Shoes.scss","statementMap":{},"fnMap":{},"branchMap":{},"s":{},"f":{},"b":{},"meta":{"lastBranch":0,"lastFunction":0,"lastStatement":0,"seen":{}}}
}
