{"/Users/jesperpersson/Documents/strajk-bowling/src/mocks/handlers.js": {"path":"/Users/jesperpersson/Documents/strajk-bowling/src/mocks/handlers.js","statementMap":{"0":{"start":{"line":5,"column":16},"end":{"line":5,"column":81}},"1":{"start":{"line":6,"column":16},"end":{"line":6,"column":41}},"2":{"start":{"line":9,"column":32},"end":{"line":18,"column":1}},"3":{"start":{"line":20,"column":24},"end":{"line":33,"column":1}},"4":{"start":{"line":24,"column":4},"end":{"line":28,"column":null}},"5":{"start":{"line":25,"column":8},"end":{"line":27,"column":null}},"6":{"start":{"line":31,"column":4},"end":{"line":31,"column":null}}},"fnMap":{"0":{"name":"(anonymous_0)","decl":{"start":{"line":22,"column":21},"end":{"line":22,"column":26}},"loc":{"start":{"line":22,"column":44},"end":{"line":32,"column":3}},"line":22}},"branchMap":{"0":{"loc":{"start":{"line":24,"column":4},"end":{"line":28,"column":null}},"type":"if","locations":[{"start":{"line":24,"column":4},"end":{"line":28,"column":null}},{"start":{},"end":{}}],"line":24}},"s":{"0":2,"1":2,"2":2,"3":2,"4":1,"5":0,"6":1},"f":{"0":1},"b":{"0":[0,1]},"meta":{"lastBranch":1,"lastFunction":1,"lastStatement":7,"seen":{"s:5:16:5:81":0,"s:6:16:6:41":1,"s:9:32:18:1":2,"s:20:24:33:1":3,"f:22:21:22:26":0,"b:24:4:28:Infinity:undefined:undefined:undefined:undefined":0,"s:24:4:28:Infinity":4,"s:25:8:27:Infinity":5,"s:31:4:31:Infinity":6}}}
,"/Users/jesperpersson/Documents/strajk-bowling/src/mocks/server.js": {"path":"/Users/jesperpersson/Documents/strajk-bowling/src/mocks/server.js","statementMap":{"0":{"start":{"line":5,"column":21},"end":{"line":5,"column":46}}},"fnMap":{},"branchMap":{},"s":{"0":2},"f":{},"b":{},"meta":{"lastBranch":0,"lastFunction":0,"lastStatement":1,"seen":{"s:5:21:5:46":0}}}
,"/Users/jesperpersson/Documents/strajk-bowling/src/views/Booking.jsx": {"path":"/Users/jesperpersson/Documents/strajk-bowling/src/views/Booking.jsx","statementMap":{"0":{"start":{"line":12,"column":28},"end":{"line":17,"column":null}},"1":{"start":{"line":18,"column":24},"end":{"line":18,"column":null}},"2":{"start":{"line":19,"column":24},"end":{"line":19,"column":null}},"3":{"start":{"line":20,"column":8},"end":{"line":20,"column":null}},"4":{"start":{"line":23,"column":28},"end":{"line":23,"column":null}},"5":{"start":{"line":24,"column":4},"end":{"line":24,"column":null}},"6":{"start":{"line":26,"column":4},"end":{"line":29,"column":null}},"7":{"start":{"line":26,"column":31},"end":{"line":29,"column":6}},"8":{"start":{"line":33,"column":28},"end":{"line":33,"column":null}},"9":{"start":{"line":34,"column":4},"end":{"line":34,"column":null}},"10":{"start":{"line":36,"column":4},"end":{"line":42,"column":null}},"11":{"start":{"line":37,"column":6},"end":{"line":41,"column":null}},"12":{"start":{"line":38,"column":8},"end":{"line":40,"column":null}},"13":{"start":{"line":39,"column":10},"end":{"line":39,"column":null}},"14":{"start":{"line":46,"column":4},"end":{"line":46,"column":null}},"15":{"start":{"line":48,"column":4},"end":{"line":48,"column":null}},"16":{"start":{"line":52,"column":4},"end":{"line":52,"column":null}},"17":{"start":{"line":54,"column":4},"end":{"line":54,"column":null}},"18":{"start":{"line":54,"column":36},"end":{"line":54,"column":52}},"19":{"start":{"line":58,"column":17},"end":{"line":58,"column":null}},"20":{"start":{"line":60,"column":4},"end":{"line":60,"column":null}},"21":{"start":{"line":60,"column":25},"end":{"line":60,"column":74}},"22":{"start":{"line":62,"column":4},"end":{"line":62,"column":null}},"23":{"start":{"line":66,"column":33},"end":{"line":66,"column":null}},"24":{"start":{"line":67,"column":29},"end":{"line":67,"column":null}},"25":{"start":{"line":69,"column":4},"end":{"line":69,"column":null}},"26":{"start":{"line":69,"column":44},"end":{"line":69,"column":null}},"27":{"start":{"line":71,"column":4},"end":{"line":71,"column":null}},"28":{"start":{"line":75,"column":21},"end":{"line":84,"column":null}},"29":{"start":{"line":85,"column":17},"end":{"line":85,"column":null}},"30":{"start":{"line":87,"column":4},"end":{"line":87,"column":null}},"31":{"start":{"line":91,"column":4},"end":{"line":91,"column":null}},"32":{"start":{"line":95,"column":4},"end":{"line":99,"column":null}},"33":{"start":{"line":96,"column":6},"end":{"line":96,"column":null}},"34":{"start":{"line":98,"column":6},"end":{"line":98,"column":null}},"35":{"start":{"line":103,"column":23},"end":{"line":103,"column":null}},"36":{"start":{"line":105,"column":4},"end":{"line":113,"column":null}},"37":{"start":{"line":106,"column":6},"end":{"line":106,"column":null}},"38":{"start":{"line":107,"column":4},"end":{"line":113,"column":null}},"39":{"start":{"line":108,"column":6},"end":{"line":108,"column":null}},"40":{"start":{"line":109,"column":4},"end":{"line":113,"column":null}},"41":{"start":{"line":110,"column":6},"end":{"line":110,"column":null}},"42":{"start":{"line":111,"column":4},"end":{"line":113,"column":null}},"43":{"start":{"line":112,"column":6},"end":{"line":112,"column":null}},"44":{"start":{"line":115,"column":4},"end":{"line":118,"column":null}},"45":{"start":{"line":116,"column":6},"end":{"line":116,"column":null}},"46":{"start":{"line":117,"column":6},"end":{"line":117,"column":null}},"47":{"start":{"line":120,"column":24},"end":{"line":125,"column":null}},"48":{"start":{"line":124,"column":33},"end":{"line":124,"column":42}},"49":{"start":{"line":127,"column":25},"end":{"line":127,"column":null}},"50":{"start":{"line":128,"column":4},"end":{"line":128,"column":null}},"51":{"start":{"line":130,"column":4},"end":{"line":132,"column":null}},"52":{"start":{"line":135,"column":2},"end":{"line":150,"column":null}}},"fnMap":{"0":{"name":"Booking","decl":{"start":{"line":11,"column":9},"end":{"line":11,"column":19}},"loc":{"start":{"line":11,"column":19},"end":{"line":152,"column":null}},"line":11},"1":{"name":"updateBookingDetails","decl":{"start":{"line":22,"column":11},"end":{"line":22,"column":32}},"loc":{"start":{"line":22,"column":39},"end":{"line":30,"column":null}},"line":22},"2":{"name":"(anonymous_2)","decl":{"start":{"line":26,"column":15},"end":{"line":26,"column":16}},"loc":{"start":{"line":26,"column":31},"end":{"line":29,"column":6}},"line":26},"3":{"name":"updateSize","decl":{"start":{"line":32,"column":11},"end":{"line":32,"column":22}},"loc":{"start":{"line":32,"column":29},"end":{"line":43,"column":null}},"line":32},"4":{"name":"(anonymous_4)","decl":{"start":{"line":37,"column":15},"end":{"line":37,"column":16}},"loc":{"start":{"line":38,"column":8},"end":{"line":40,"column":null}},"line":38},"5":{"name":"(anonymous_5)","decl":{"start":{"line":38,"column":22},"end":{"line":38,"column":23}},"loc":{"start":{"line":39,"column":10},"end":{"line":39,"column":null}},"line":39},"6":{"name":"addShoe","decl":{"start":{"line":45,"column":11},"end":{"line":45,"column":19}},"loc":{"start":{"line":45,"column":25},"end":{"line":49,"column":null}},"line":45},"7":{"name":"removeShoe","decl":{"start":{"line":51,"column":11},"end":{"line":51,"column":22}},"loc":{"start":{"line":51,"column":28},"end":{"line":55,"column":null}},"line":51},"8":{"name":"(anonymous_8)","decl":{"start":{"line":54,"column":26},"end":{"line":54,"column":27}},"loc":{"start":{"line":54,"column":36},"end":{"line":54,"column":52}},"line":54},"9":{"name":"isShoeSizesFilled","decl":{"start":{"line":57,"column":11},"end":{"line":57,"column":31}},"loc":{"start":{"line":57,"column":31},"end":{"line":63,"column":null}},"line":57},"10":{"name":"(anonymous_10)","decl":{"start":{"line":60,"column":14},"end":{"line":60,"column":15}},"loc":{"start":{"line":60,"column":25},"end":{"line":60,"column":74}},"line":60},"11":{"name":"checkPlayersAndLanes","decl":{"start":{"line":65,"column":11},"end":{"line":65,"column":34}},"loc":{"start":{"line":65,"column":34},"end":{"line":72,"column":null}},"line":65},"12":{"name":"sendBooking","decl":{"start":{"line":74,"column":17},"end":{"line":74,"column":29}},"loc":{"start":{"line":74,"column":42},"end":{"line":88,"column":null}},"line":74},"13":{"name":"comparePeopleAndShoes","decl":{"start":{"line":90,"column":11},"end":{"line":90,"column":35}},"loc":{"start":{"line":90,"column":35},"end":{"line":92,"column":null}},"line":90},"14":{"name":"saveConfirmation","decl":{"start":{"line":94,"column":11},"end":{"line":94,"column":28}},"loc":{"start":{"line":94,"column":42},"end":{"line":100,"column":null}},"line":94},"15":{"name":"(anonymous_15)","decl":{"start":{"line":95,"column":23},"end":{"line":95,"column":24}},"loc":{"start":{"line":95,"column":36},"end":{"line":99,"column":5}},"line":95},"16":{"name":"book","decl":{"start":{"line":102,"column":17},"end":{"line":102,"column":24}},"loc":{"start":{"line":102,"column":24},"end":{"line":133,"column":null}},"line":102},"17":{"name":"(anonymous_17)","decl":{"start":{"line":124,"column":23},"end":{"line":124,"column":24}},"loc":{"start":{"line":124,"column":33},"end":{"line":124,"column":42}},"line":124}},"branchMap":{"0":{"loc":{"start":{"line":36,"column":4},"end":{"line":42,"column":null}},"type":"if","locations":[{"start":{"line":36,"column":4},"end":{"line":42,"column":null}},{"start":{},"end":{}}],"line":36},"1":{"loc":{"start":{"line":36,"column":8},"end":{"line":36,"column":50}},"type":"binary-expr","locations":[{"start":{"line":36,"column":8},"end":{"line":36,"column":30}},{"start":{"line":36,"column":30},"end":{"line":36,"column":50}}],"line":36},"2":{"loc":{"start":{"line":39,"column":10},"end":{"line":39,"column":null}},"type":"cond-expr","locations":[{"start":{"line":39,"column":29},"end":{"line":39,"column":56}},{"start":{"line":39,"column":56},"end":{"line":39,"column":null}}],"line":39},"3":{"loc":{"start":{"line":60,"column":25},"end":{"line":60,"column":74}},"type":"cond-expr","locations":[{"start":{"line":60,"column":48},"end":{"line":60,"column":58}},{"start":{"line":60,"column":58},"end":{"line":60,"column":74}}],"line":60},"4":{"loc":{"start":{"line":69,"column":4},"end":{"line":69,"column":null}},"type":"if","locations":[{"start":{"line":69,"column":4},"end":{"line":69,"column":null}},{"start":{},"end":{}}],"line":69},"5":{"loc":{"start":{"line":105,"column":4},"end":{"line":113,"column":null}},"type":"if","locations":[{"start":{"line":105,"column":4},"end":{"line":113,"column":null}},{"start":{"line":107,"column":4},"end":{"line":113,"column":null}}],"line":105},"6":{"loc":{"start":{"line":105,"column":8},"end":{"line":105,"column":77}},"type":"binary-expr","locations":[{"start":{"line":105,"column":8},"end":{"line":105,"column":25}},{"start":{"line":105,"column":25},"end":{"line":105,"column":43}},{"start":{"line":105,"column":43},"end":{"line":105,"column":60}},{"start":{"line":105,"column":60},"end":{"line":105,"column":77}}],"line":105},"7":{"loc":{"start":{"line":107,"column":4},"end":{"line":113,"column":null}},"type":"if","locations":[{"start":{"line":107,"column":4},"end":{"line":113,"column":null}},{"start":{"line":109,"column":4},"end":{"line":113,"column":null}}],"line":107},"8":{"loc":{"start":{"line":109,"column":4},"end":{"line":113,"column":null}},"type":"if","locations":[{"start":{"line":109,"column":4},"end":{"line":113,"column":null}},{"start":{"line":111,"column":4},"end":{"line":113,"column":null}}],"line":109},"9":{"loc":{"start":{"line":111,"column":4},"end":{"line":113,"column":null}},"type":"if","locations":[{"start":{"line":111,"column":4},"end":{"line":113,"column":null}},{"start":{},"end":{}}],"line":111},"10":{"loc":{"start":{"line":115,"column":4},"end":{"line":118,"column":null}},"type":"if","locations":[{"start":{"line":115,"column":4},"end":{"line":118,"column":null}},{"start":{},"end":{}}],"line":115},"11":{"loc":{"start":{"line":149,"column":7},"end":{"line":149,"column":null}},"type":"cond-expr","locations":[{"start":{"line":149,"column":15},"end":{"line":149,"column":50}},{"start":{"line":149,"column":50},"end":{"line":149,"column":null}}],"line":149}},"s":{"0":45,"1":45,"2":45,"3":45,"4":16,"5":16,"6":16,"7":16,"8":7,"9":7,"10":7,"11":7,"12":7,"13":29,"14":11,"15":11,"16":1,"17":1,"18":2,"19":3,"20":3,"21":8,"22":3,"23":2,"24":2,"25":2,"26":1,"27":1,"28":1,"29":1,"30":1,"31":4,"32":1,"33":1,"34":1,"35":5,"36":5,"37":1,"38":4,"39":1,"40":3,"41":1,"42":2,"43":1,"44":5,"45":4,"46":4,"47":1,"48":2,"49":1,"50":1,"51":1,"52":45},"f":{"0":45,"1":16,"2":16,"3":7,"4":7,"5":29,"6":11,"7":1,"8":2,"9":3,"10":8,"11":2,"12":1,"13":4,"14":1,"15":1,"16":5,"17":2},"b":{"0":[7,0],"1":[7,0],"2":[7,22],"3":[7,1],"4":[1,1],"5":[1,4],"6":[5,4,4,4],"7":[1,3],"8":[1,2],"9":[1,1],"10":[4,1],"11":[4,41]},"meta":{"lastBranch":12,"lastFunction":18,"lastStatement":53,"seen":{"f:11:9:11:19":0,"s:12:28:17:Infinity":0,"s:18:24:18:Infinity":1,"s:19:24:19:Infinity":2,"s:20:8:20:Infinity":3,"f:22:11:22:32":1,"s:23:28:23:Infinity":4,"s:24:4:24:Infinity":5,"s:26:4:29:Infinity":6,"f:26:15:26:16":2,"s:26:31:29:6":7,"f:32:11:32:22":3,"s:33:28:33:Infinity":8,"s:34:4:34:Infinity":9,"b:36:4:42:Infinity:undefined:undefined:undefined:undefined":0,"s:36:4:42:Infinity":10,"b:36:8:36:30:36:30:36:50":1,"s:37:6:41:Infinity":11,"f:37:15:37:16":4,"s:38:8:40:Infinity":12,"f:38:22:38:23":5,"s:39:10:39:Infinity":13,"b:39:29:39:56:39:56:39:Infinity":2,"f:45:11:45:19":6,"s:46:4:46:Infinity":14,"s:48:4:48:Infinity":15,"f:51:11:51:22":7,"s:52:4:52:Infinity":16,"s:54:4:54:Infinity":17,"f:54:26:54:27":8,"s:54:36:54:52":18,"f:57:11:57:31":9,"s:58:17:58:Infinity":19,"s:60:4:60:Infinity":20,"f:60:14:60:15":10,"s:60:25:60:74":21,"b:60:48:60:58:60:58:60:74":3,"s:62:4:62:Infinity":22,"f:65:11:65:34":11,"s:66:33:66:Infinity":23,"s:67:29:67:Infinity":24,"b:69:4:69:Infinity:undefined:undefined:undefined:undefined":4,"s:69:4:69:Infinity":25,"s:69:44:69:Infinity":26,"s:71:4:71:Infinity":27,"f:74:17:74:29":12,"s:75:21:84:Infinity":28,"s:85:17:85:Infinity":29,"s:87:4:87:Infinity":30,"f:90:11:90:35":13,"s:91:4:91:Infinity":31,"f:94:11:94:28":14,"s:95:4:99:Infinity":32,"f:95:23:95:24":15,"s:96:6:96:Infinity":33,"s:98:6:98:Infinity":34,"f:102:17:102:24":16,"s:103:23:103:Infinity":35,"b:105:4:113:Infinity:107:4:113:Infinity":5,"s:105:4:113:Infinity":36,"b:105:8:105:25:105:25:105:43:105:43:105:60:105:60:105:77":6,"s:106:6:106:Infinity":37,"b:107:4:113:Infinity:109:4:113:Infinity":7,"s:107:4:113:Infinity":38,"s:108:6:108:Infinity":39,"b:109:4:113:Infinity:111:4:113:Infinity":8,"s:109:4:113:Infinity":40,"s:110:6:110:Infinity":41,"b:111:4:113:Infinity:undefined:undefined:undefined:undefined":9,"s:111:4:113:Infinity":42,"s:112:6:112:Infinity":43,"b:115:4:118:Infinity:undefined:undefined:undefined:undefined":10,"s:115:4:118:Infinity":44,"s:116:6:116:Infinity":45,"s:117:6:117:Infinity":46,"s:120:24:125:Infinity":47,"f:124:23:124:24":17,"s:124:33:124:42":48,"s:127:25:127:Infinity":49,"s:128:4:128:Infinity":50,"s:130:4:132:Infinity":51,"s:135:2:150:Infinity":52,"b:149:15:149:50:149:50:149:Infinity":11}}}
,"/Users/jesperpersson/Documents/strajk-bowling/src/views/Booking.scss": {"path":"/Users/jesperpersson/Documents/strajk-bowling/src/views/Booking.scss","statementMap":{},"fnMap":{},"branchMap":{},"s":{},"f":{},"b":{},"meta":{"lastBranch":0,"lastFunction":0,"lastStatement":0,"seen":{}}}
,"/Users/jesperpersson/Documents/strajk-bowling/src/views/Confirmation.jsx": {"path":"/Users/jesperpersson/Documents/strajk-bowling/src/views/Confirmation.jsx","statementMap":{"0":{"start":{"line":9,"column":16},"end":{"line":9,"column":null}},"1":{"start":{"line":12,"column":4},"end":{"line":13,"column":null}},"2":{"start":{"line":15,"column":2},"end":{"line":60,"column":null}}},"fnMap":{"0":{"name":"Confirmation","decl":{"start":{"line":8,"column":9},"end":{"line":8,"column":24}},"loc":{"start":{"line":8,"column":24},"end":{"line":62,"column":null}},"line":8}},"branchMap":{"0":{"loc":{"start":{"line":12,"column":4},"end":{"line":13,"column":null}},"type":"binary-expr","locations":[{"start":{"line":12,"column":4},"end":{"line":12,"column":null}},{"start":{"line":13,"column":4},"end":{"line":13,"column":null}}],"line":12},"1":{"loc":{"start":{"line":19,"column":7},"end":{"line":58,"column":null}},"type":"cond-expr","locations":[{"start":{"line":20,"column":8},"end":{"line":56,"column":null}},{"start":{"line":58,"column":8},"end":{"line":58,"column":null}}],"line":19},"2":{"loc":{"start":{"line":19,"column":7},"end":{"line":19,"column":null}},"type":"binary-expr","locations":[{"start":{"line":19,"column":7},"end":{"line":19,"column":16}},{"start":{"line":19,"column":16},"end":{"line":19,"column":null}}],"line":19}},"s":{"0":3,"1":3,"2":3},"f":{"0":3},"b":{"0":[3,2],"1":[2,1],"2":[3,2]},"meta":{"lastBranch":3,"lastFunction":1,"lastStatement":3,"seen":{"f:8:9:8:24":0,"s:9:16:9:Infinity":0,"s:12:4:13:Infinity":1,"b:12:4:12:Infinity:13:4:13:Infinity":0,"s:15:2:60:Infinity":2,"b:20:8:56:Infinity:58:8:58:Infinity":1,"b:19:7:19:16:19:16:19:Infinity":2}}}
,"/Users/jesperpersson/Documents/strajk-bowling/src/views/Confirmation.scss": {"path":"/Users/jesperpersson/Documents/strajk-bowling/src/views/Confirmation.scss","statementMap":{},"fnMap":{},"branchMap":{},"s":{},"f":{},"b":{},"meta":{"lastBranch":0,"lastFunction":0,"lastStatement":0,"seen":{}}}
}
